19-08-2013, 12:58 - boomer41 hat sich aktiviert
19-08-2013, 19:01 - Masiwo hat sich aktiviert
19-08-2013, 20:12 - fabilau hat sich aktiviert
23-08-2013, 15:56 - ThisIsTest hat sich aktiviert
23-08-2013, 20:25 - GermanMinelife hat sich aktiviert
24-08-2013, 10:28 - Internuntius hat sich aktiviert
25-08-2013, 17:11 - Over19 hat sich aktiviert
25-08-2013, 19:04 - GigaStyler hat sich aktiviert
25-08-2013, 21:22 - Arko93 hat sich aktiviert
27-08-2013, 14:54 - luwalser hat sich aktiviert
27-08-2013, 15:01 - 1chance hat sich aktiviert
29-08-2013, 23:16 - blockaking hat sich aktiviert
30-08-2013, 16:44 - Tesla hat sich aktiviert
30-08-2013, 17:43 - Tesla hat sich aktiviert
30-08-2013, 22:43 - galaxyfriend hat sich aktiviert
30-08-2013, 23:32 - SnipStyle hat sich aktiviert
31-08-2013, 03:19 - SouthMine hat sich aktiviert
31-08-2013, 09:05 - DisturbedGame hat sich aktiviert
31-08-2013, 21:42 - Gigantua hat sich aktiviert
01-09-2013, 20:34 - Frambl hat sich aktiviert
02-09-2013, 01:16 - Storch350 hat sich aktiviert
02-09-2013, 13:20 - player123 hat sich aktiviert
02-09-2013, 22:32 - starwarsfan132 hat sich aktiviert
03-09-2013, 17:06 - ChillUpX hat sich aktiviert
04-09-2013, 11:22 - DiamondCrafter hat sich aktiviert
04-09-2013, 19:23 - drmed hat sich aktiviert
04-09-2013, 23:42 - BdH hat sich aktiviert
06-09-2013, 18:15 - recapitulate hat sich aktiviert
06-09-2013, 19:08 - HeadShotNoob hat sich aktiviert
06-09-2013, 20:21 - Passi1606 hat sich aktiviert
07-09-2013, 00:56 - Wacho hat sich aktiviert
07-09-2013, 16:10 - Padme hat sich aktiviert
07-09-2013, 17:25 - ducast hat sich aktiviert
07-09-2013, 17:39 - ollimulle hat sich aktiviert
08-09-2013, 12:30 - TheLagger1999 hat sich aktiviert
09-09-2013, 18:19 - Koerni3005 hat sich aktiviert
09-09-2013, 19:31 - forcecraft hat sich aktiviert
10-09-2013, 17:28 - Mani hat sich aktiviert
10-09-2013, 18:29 - k71 hat sich aktiviert
10-09-2013, 19:05 - JohnnyLr hat sich aktiviert
10-09-2013, 19:09 - MentisMora hat sich aktiviert
10-09-2013, 19:52 - siberia401 hat sich aktiviert
10-09-2013, 21:25 - kissio hat sich aktiviert
11-09-2013, 13:49 - 1xTobi hat sich aktiviert
11-09-2013, 20:08 - samslo hat sich aktiviert
12-09-2013, 16:45 - pascal hat sich aktiviert
13-09-2013, 00:05 - Inso hat sich aktiviert
13-09-2013, 13:24 - Leftwitch hat sich aktiviert
14-09-2013, 20:41 - TimmyT hat sich aktiviert
14-09-2013, 21:01 - Bega25 hat sich aktiviert
15-09-2013, 11:59 - Doner144 hat sich aktiviert
15-09-2013, 12:58 - Lami4games hat sich aktiviert
17-09-2013, 01:14 - tonne5 hat sich aktiviert
18-09-2013, 16:20 - Crazybubble hat sich aktiviert
18-09-2013, 19:08 - Wanni hat sich aktiviert
19-09-2013, 01:06 - DjSwitch hat sich aktiviert
19-09-2013, 15:08 - Mattome hat sich aktiviert
20-09-2013, 14:51 - LoveCookie3 hat sich aktiviert
21-09-2013, 12:09 - Anti0810 hat sich aktiviert
21-09-2013, 13:57 - Daniel10XD hat sich aktiviert
23-09-2013, 18:10 - MWojt hat sich aktiviert
26-09-2013, 12:25 - danielle1985 hat sich aktiviert
29-09-2013, 11:09 - Louis99 hat sich aktiviert
01-10-2013, 22:04 - JustTamii hat sich aktiviert
03-10-2013, 13:20 - swisser11 hat sich aktiviert
03-10-2013, 19:03 - SnailFighter2 hat sich aktiviert
04-10-2013, 17:23 - Crazyrobbi hat sich aktiviert
05-10-2013, 00:39 - Ste3et hat sich aktiviert
05-10-2013, 12:34 - BlackwingDave hat sich aktiviert
05-10-2013, 19:41 - Nespeck hat sich aktiviert
06-10-2013, 17:13 - Kevin18697 hat sich aktiviert
08-10-2013, 17:02 - Horrorgoose hat sich aktiviert
08-10-2013, 20:19 - Timmi6790 hat sich aktiviert
09-10-2013, 02:17 - ketrwu14 hat sich aktiviert
09-10-2013, 19:27 - Lerodan hat sich aktiviert
10-10-2013, 16:14 - Shurkan2 hat sich aktiviert
11-10-2013, 10:15 - MineMove hat sich aktiviert
11-10-2013, 10:28 - JoniTaki hat sich aktiviert
13-10-2013, 16:52 - Bl4ckD3vil hat sich aktiviert
13-10-2013, 18:44 - MINDEcRaFtER hat sich aktiviert
13-10-2013, 19:38 - Goredy hat sich aktiviert
15-10-2013, 00:01 - Nicklander hat sich aktiviert
18-10-2013, 00:42 - eXoRy hat sich aktiviert
18-10-2013, 01:13 - EndWar3281 hat sich aktiviert
19-10-2013, 00:53 - Jan02000 hat sich aktiviert
19-10-2013, 10:13 - Sarasani hat sich aktiviert
19-10-2013, 15:06 - youEM hat sich aktiviert
19-10-2013, 20:06 - Simi71 hat sich aktiviert
21-10-2013, 16:38 - Highlandwar hat sich aktiviert
21-10-2013, 18:47 - Deadchicken hat sich aktiviert
22-10-2013, 09:51 - GameOne hat sich aktiviert
22-10-2013, 13:28 - Moxfreezer hat sich aktiviert
24-10-2013, 15:38 - Naronio hat sich aktiviert
25-10-2013, 15:47 - Cadogan hat sich aktiviert
25-10-2013, 17:30 - Bkevin51 hat sich aktiviert
26-10-2013, 12:42 - crissytinaLP hat sich aktiviert
27-10-2013, 19:12 - Aelar hat sich aktiviert
01-11-2013, 19:21 - Alex hat sich aktiviert
02-11-2013, 02:03 - BCUltimate hat sich aktiviert
02-11-2013, 19:35 - peterm hat sich aktiviert
04-11-2013, 13:36 - LUKAS528573 hat sich aktiviert
07-11-2013, 17:12 - EpiXSim0n hat sich aktiviert
08-11-2013, 20:32 - tehzipfile hat sich aktiviert
08-11-2013, 21:49 - ciamek hat sich aktiviert
09-11-2013, 14:43 - fgpuma hat sich aktiviert
10-11-2013, 10:24 - TheFrecyboy hat sich aktiviert
11-11-2013, 16:35 - MineVerse hat sich aktiviert
11-11-2013, 23:33 - Crytriks hat sich aktiviert
12-11-2013, 22:01 - rScout hat sich aktiviert
13-11-2013, 15:58 - joshi77 hat sich aktiviert
13-11-2013, 18:09 - HeroMiners hat sich aktiviert
13-11-2013, 18:29 - Agrarfoto hat sich aktiviert
15-11-2013, 08:18 - FutureCraft hat sich aktiviert
16-11-2013, 09:28 - dortom hat sich aktiviert
22-11-2013, 19:03 - NicoWittig hat sich aktiviert
22-11-2013, 20:29 - P02091997 hat sich aktiviert
23-11-2013, 00:11 - 1Awgy1 hat sich aktiviert
24-11-2013, 13:24 - dustmc hat sich aktiviert
26-11-2013, 21:24 - riderstorm hat sich aktiviert
29-11-2013, 17:22 - jopejoe1 hat sich aktiviert
01-12-2013, 01:21 - Blade8895 hat sich aktiviert
01-12-2013, 16:18 - NatureDead hat sich aktiviert
01-12-2013, 17:39 - niklas hat sich aktiviert
01-12-2013, 20:02 - heine184 hat sich aktiviert
02-12-2013, 17:31 - dragoonandre hat sich aktiviert
06-12-2013, 11:03 - FastoutRammed hat sich aktiviert
06-12-2013, 19:02 - dma550 hat sich aktiviert
07-12-2013, 14:41 - DarkChapter hat sich aktiviert
07-12-2013, 16:04 - Okolama hat sich aktiviert
08-12-2013, 12:06 - bluelagune hat sich aktiviert
08-12-2013, 14:02 - DiamondGaming hat sich aktiviert
08-12-2013, 14:03 - FynxHD hat sich aktiviert
08-12-2013, 17:53 - Liisly hat sich aktiviert
10-12-2013, 17:09 - Pups1925 hat sich aktiviert
14-12-2013, 21:29 - spielegamer01 hat sich aktiviert
15-12-2013, 18:50 - DailyCraftServer hat sich aktiviert
17-12-2013, 12:38 - Thewizardsam hat sich aktiviert
19-12-2013, 20:30 - NicoCrafting15 hat sich aktiviert
19-12-2013, 22:19 - Philezilla hat sich aktiviert
20-12-2013, 08:01 - Webby0815 hat sich aktiviert
21-12-2013, 00:01 - megaspasst7 hat sich aktiviert
21-12-2013, 11:38 - Premx hat sich aktiviert
21-12-2013, 11:58 - MinerTheHD hat sich aktiviert
21-12-2013, 17:04 - fehlfarben hat sich aktiviert
21-12-2013, 23:29 - enzofeola hat sich aktiviert
22-12-2013, 21:46 - Goorg hat sich aktiviert
25-12-2013, 18:46 - Crafterman1995 hat sich aktiviert
26-12-2013, 20:27 - dxVIKINGxb hat sich aktiviert
28-12-2013, 03:52 - Minze002 hat sich aktiviert
29-12-2013, 23:53 - criz hat sich aktiviert
30-12-2013, 12:34 - Ardo hat sich aktiviert
30-12-2013, 16:05 - Locatius hat sich aktiviert
31-12-2013, 13:31 - Alicelp hat sich aktiviert
01-01-2014, 22:09 - GrepoCreeper hat sich aktiviert
02-01-2014, 21:28 - AMANonPCinBF4 hat sich aktiviert
03-01-2014, 18:50 - TheTrueSpuki hat sich aktiviert
04-01-2014, 00:21 - spickinator97 hat sich aktiviert
04-01-2014, 00:31 - qustefan hat sich aktiviert
04-01-2014, 18:51 - pommeshd02 hat sich aktiviert
04-01-2014, 20:51 - GamerBauwagen hat sich aktiviert
05-01-2014, 14:04 - Blanidur hat sich aktiviert
05-01-2014, 20:22 - Frittilulu hat sich aktiviert
07-01-2014, 05:13 - TaikiDouga hat sich aktiviert
09-01-2014, 15:37 - cxCaecina hat sich aktiviert
11-01-2014, 17:28 - Renezoros hat sich aktiviert
11-01-2014, 22:23 - RaGame hat sich aktiviert
12-01-2014, 14:35 - Jumpy91 hat sich aktiviert
12-01-2014, 16:15 - ZotPlays hat sich aktiviert
13-01-2014, 22:03 - gabskent hat sich aktiviert
13-01-2014, 22:34 - chsedv hat sich aktiviert
16-01-2014, 18:54 - Nullcrafter hat sich aktiviert
17-01-2014, 13:48 - Freshmatics hat sich aktiviert
17-01-2014, 21:25 - xXNoVoSXx hat sich aktiviert
17-01-2014, 21:41 - GamesUnitedHD hat sich aktiviert
18-01-2014, 13:40 - ceagle22 hat sich aktiviert
18-01-2014, 13:41 - ceagle2 hat sich aktiviert
18-01-2014, 14:32 - 95sebi95 hat sich aktiviert
18-01-2014, 20:36 - Indianerjones hat sich aktiviert
21-01-2014, 18:28 - Samuel84 hat sich aktiviert
22-01-2014, 13:39 - Rakath hat sich aktiviert
23-01-2014, 19:00 - sergiuvasap hat sich aktiviert
24-01-2014, 10:21 - felixo68 hat sich aktiviert
24-01-2014, 21:25 - zwielstinkt hat sich aktiviert
31-01-2014, 10:29 - Tim04000 hat sich aktiviert
01-02-2014, 07:35 - TapetenCraft hat sich aktiviert
02-02-2014, 16:15 - MRplayerLP hat sich aktiviert
04-02-2014, 13:33 - PeterPlaysDE hat sich aktiviert
05-02-2014, 11:28 - ShakerLP1 hat sich aktiviert
07-02-2014, 20:13 - Tontalix hat sich aktiviert
09-02-2014, 17:32 - Pingi1998 hat sich aktiviert
09-02-2014, 17:34 - Haedec89 hat sich aktiviert
09-02-2014, 18:05 - Kezoo hat sich aktiviert
12-02-2014, 15:38 - Canyon hat sich aktiviert
17-02-2014, 06:50 - Hermi9023 hat sich aktiviert
17-02-2014, 16:40 - npleini hat sich aktiviert
19-02-2014, 15:32 - Creepermaster25 hat sich aktiviert
22-02-2014, 23:47 - xtr0163 hat sich aktiviert
23-02-2014, 10:50 - Nightloewe hat sich aktiviert
23-02-2014, 13:30 - FizzyCoke2000 hat sich aktiviert
23-02-2014, 15:38 - lumbandi hat sich aktiviert
23-02-2014, 16:41 - Asylum1992 hat sich aktiviert
25-02-2014, 15:03 - Cursus13 hat sich aktiviert
27-02-2014, 16:17 - Illidan1601 hat sich aktiviert
28-02-2014, 18:42 - MultiworldLP hat sich aktiviert
01-03-2014, 18:26 - PiXelBude hat sich aktiviert
02-03-2014, 11:24 - CHRIS1 hat sich aktiviert
04-03-2014, 16:19 - 1405Mars hat sich aktiviert
04-03-2014, 18:19 - core91 hat sich aktiviert
06-03-2014, 14:37 - leoleo123 hat sich aktiviert
07-03-2014, 03:48 - Kamaling hat sich aktiviert
07-03-2014, 17:43 - furis2025 hat sich aktiviert
07-03-2014, 18:25 - GuardofHerobrine hat sich aktiviert
08-03-2014, 12:06 - Dioxop hat sich aktiviert
08-03-2014, 14:22 - MTGTV hat sich aktiviert
08-03-2014, 17:51 - ImpactCP hat sich aktiviert
09-03-2014, 15:47 - syntation hat sich aktiviert
12-03-2014, 07:39 - maxvislp hat sich aktiviert
12-03-2014, 17:44 - TheMrDoesi hat sich aktiviert
14-03-2014, 08:22 - butntum hat sich aktiviert
16-03-2014, 13:58 - nwich112 hat sich aktiviert
